android/build/intermediates/manifest_merge_blame_file/debug/manifest-merger-blame-debug-report.txt
1<?xml version="1.0" encoding="utf-8"?>
2<manifest xmlns:android="http://schemas.android.com/apk/res/android"
3    package="core.android"
4    android:versionCode="1"
5    android:versionName="1.0" >
6
7    <uses-sdk
8        android:minSdkVersion="19"
8-->project-space-crucible/android/AndroidManifest.xml
9        android:targetSdkVersion="30" />
9-->project-space-crucible/android/AndroidManifest.xml
10
11    <uses-feature
11-->project-space-crucible/android/AndroidManifest.xml:5:2-74
12        android:glEsVersion="0x00020000"
12-->project-space-crucible/android/AndroidManifest.xml:5:16-48
13        android:required="true" />
13-->project-space-crucible/android/AndroidManifest.xml:5:49-72
14
15    <application
15-->project-space-crucible/android/AndroidManifest.xml:6:2-26:16
16        android:name="android.support.multidex.MultiDexApplication"
17        android:allowBackup="true"
17-->project-space-crucible/android/AndroidManifest.xml:7:4-30
18        android:appCategory="game"
18-->project-space-crucible/android/AndroidManifest.xml:11:4-30
19        android:debuggable="true"
20        android:fullBackupContent="true"
20-->project-space-crucible/android/AndroidManifest.xml:8:10-42
21        android:icon="@drawable/ic_launcher"
21-->project-space-crucible/android/AndroidManifest.xml:9:4-40
22        android:isGame="true"
22-->project-space-crucible/android/AndroidManifest.xml:10:4-25
23        android:label="@string/app_name"
23-->project-space-crucible/android/AndroidManifest.xml:12:10-42
24        android:testOnly="true"
25        android:theme="@style/GdxTheme" >
25-->project-space-crucible/android/AndroidManifest.xml:14:4-35
26        <activity
26-->project-space-crucible/android/AndroidManifest.xml:15:3-25:14
27            android:name="core.android.AndroidLauncher"
27-->project-space-crucible/android/AndroidManifest.xml:16:5-48
28            android:configChanges="keyboard|keyboardHidden|navigation|orientation|screenSize|screenLayout"
28-->project-space-crucible/android/AndroidManifest.xml:19:5-99
29            android:exported="true"
29-->project-space-crucible/android/AndroidManifest.xml:20:13-36
30            android:label="@string/app_name"
30-->project-space-crucible/android/AndroidManifest.xml:17:5-37
31            android:screenOrientation="landscape" >
31-->project-space-crucible/android/AndroidManifest.xml:18:5-42
32            <intent-filter>
32-->project-space-crucible/android/AndroidManifest.xml:21:5-24:20
33                <action android:name="android.intent.action.MAIN" />
33-->project-space-crucible/android/AndroidManifest.xml:22:5-56
33-->project-space-crucible/android/AndroidManifest.xml:22:13-54
34
35                <category android:name="android.intent.category.LAUNCHER" />
35-->project-space-crucible/android/AndroidManifest.xml:23:5-64
35-->project-space-crucible/android/AndroidManifest.xml:23:15-62
36            </intent-filter>
37        </activity>
38    </application>
39
40</manifest>